mode: set
github.com/CosmoLabs-org/SmokeSig/cmd/audit.go:28.13,33.2 4 1
github.com/CosmoLabs-org/SmokeSig/cmd/audit.go:35.56,39.16 3 0
github.com/CosmoLabs-org/SmokeSig/cmd/audit.go:39.16,41.3 1 0
github.com/CosmoLabs-org/SmokeSig/cmd/audit.go:44.2,44.33 1 0
github.com/CosmoLabs-org/SmokeSig/cmd/audit.go:44.33,46.3 1 0
github.com/CosmoLabs-org/SmokeSig/cmd/audit.go:48.2,49.16 2 0
github.com/CosmoLabs-org/SmokeSig/cmd/audit.go:49.16,51.3 1 0
github.com/CosmoLabs-org/SmokeSig/cmd/audit.go:53.2,53.37 1 0
github.com/CosmoLabs-org/SmokeSig/cmd/audit.go:53.37,55.20 2 0
github.com/CosmoLabs-org/SmokeSig/cmd/audit.go:55.20,57.4 1 0
github.com/CosmoLabs-org/SmokeSig/cmd/audit.go:57.9,57.25 1 0
github.com/CosmoLabs-org/SmokeSig/cmd/audit.go:57.25,61.18 3 0
github.com/CosmoLabs-org/SmokeSig/cmd/audit.go:61.18,63.5 1 0
github.com/CosmoLabs-org/SmokeSig/cmd/audit.go:67.2,67.15 1 0
github.com/CosmoLabs-org/SmokeSig/cmd/audit.go:67.15,69.17 2 0
github.com/CosmoLabs-org/SmokeSig/cmd/audit.go:69.17,71.4 1 0
github.com/CosmoLabs-org/SmokeSig/cmd/audit.go:72.3,72.28 1 0
github.com/CosmoLabs-org/SmokeSig/cmd/audit.go:73.8,75.3 1 0
github.com/CosmoLabs-org/SmokeSig/cmd/audit.go:77.2,77.12 1 0
github.com/CosmoLabs-org/SmokeSig/cmd/audit.go:82.76,83.26 1 0
github.com/CosmoLabs-org/SmokeSig/cmd/audit.go:83.26,86.3 1 0
github.com/CosmoLabs-org/SmokeSig/cmd/audit.go:88.2,89.16 2 0
github.com/CosmoLabs-org/SmokeSig/cmd/audit.go:89.16,91.3 1 0
github.com/CosmoLabs-org/SmokeSig/cmd/audit.go:93.2,96.45 3 0
github.com/CosmoLabs-org/SmokeSig/cmd/audit.go:96.45,97.72 1 0
github.com/CosmoLabs-org/SmokeSig/cmd/audit.go:97.72,98.12 1 0
github.com/CosmoLabs-org/SmokeSig/cmd/audit.go:101.3,102.21 2 0
github.com/CosmoLabs-org/SmokeSig/cmd/audit.go:102.21,105.4 2 0
github.com/CosmoLabs-org/SmokeSig/cmd/audit.go:108.2,108.18 1 0
github.com/CosmoLabs-org/SmokeSig/cmd/audit.go:108.18,110.3 1 0
github.com/CosmoLabs-org/SmokeSig/cmd/audit.go:113.2,114.16 2 0
github.com/CosmoLabs-org/SmokeSig/cmd/audit.go:114.16,116.3 1 0
github.com/CosmoLabs-org/SmokeSig/cmd/audit.go:117.2,117.61 1 0
github.com/CosmoLabs-org/SmokeSig/cmd/audit.go:117.61,119.3 1 0
github.com/CosmoLabs-org/SmokeSig/cmd/audit.go:121.2,121.21 1 0
github.com/CosmoLabs-org/SmokeSig/cmd/audit.go:125.105,128.9 2 0
github.com/CosmoLabs-org/SmokeSig/cmd/audit.go:129.49,138.5 1 0
github.com/CosmoLabs-org/SmokeSig/cmd/audit.go:140.55,150.5 1 0
github.com/CosmoLabs-org/SmokeSig/cmd/audit.go:152.60,162.5 1 0
github.com/CosmoLabs-org/SmokeSig/cmd/audit.go:164.46,171.5 1 0
github.com/CosmoLabs-org/SmokeSig/cmd/audit.go:173.50,182.5 1 0
github.com/CosmoLabs-org/SmokeSig/cmd/audit.go:184.46,185.27 1 0
github.com/CosmoLabs-org/SmokeSig/cmd/audit.go:185.27,186.13 1 0
github.com/CosmoLabs-org/SmokeSig/cmd/audit.go:187.21,192.7 1 0
github.com/CosmoLabs-org/SmokeSig/cmd/audit.go:193.23,195.29 2 0
github.com/CosmoLabs-org/SmokeSig/cmd/audit.go:195.29,197.6 1 0
github.com/CosmoLabs-org/SmokeSig/cmd/audit.go:198.5,202.7 1 0
github.com/CosmoLabs-org/SmokeSig/cmd/audit.go:203.23,208.7 1 0
github.com/CosmoLabs-org/SmokeSig/cmd/audit.go:209.25,214.7 1 0
github.com/CosmoLabs-org/SmokeSig/cmd/audit.go:218.58,224.5 1 0
github.com/CosmoLabs-org/SmokeSig/cmd/audit.go:227.2,227.12 1 0
github.com/CosmoLabs-org/SmokeSig/cmd/audit.go:230.30,230.43 1 0
github.com/CosmoLabs-org/SmokeSig/cmd/audit.go:232.41,234.2 1 0
github.com/CosmoLabs-org/SmokeSig/cmd/audit.go:236.35,237.40 1 0
github.com/CosmoLabs-org/SmokeSig/cmd/audit.go:237.40,238.29 1 0
github.com/CosmoLabs-org/SmokeSig/cmd/audit.go:238.29,240.4 1 0
github.com/CosmoLabs-org/SmokeSig/cmd/audit.go:242.2,242.14 1 0
github.com/CosmoLabs-org/SmokeSig/cmd/init_cmd.go:26.13,31.2 4 1
github.com/CosmoLabs-org/SmokeSig/cmd/init_cmd.go:33.55,34.72 1 0
github.com/CosmoLabs-org/SmokeSig/cmd/init_cmd.go:34.72,36.3 1 0
github.com/CosmoLabs-org/SmokeSig/cmd/init_cmd.go:38.2,40.23 2 0
github.com/CosmoLabs-org/SmokeSig/cmd/init_cmd.go:40.23,45.17 4 0
github.com/CosmoLabs-org/SmokeSig/cmd/init_cmd.go:45.17,47.4 1 0
github.com/CosmoLabs-org/SmokeSig/cmd/init_cmd.go:48.3,48.88 1 0
github.com/CosmoLabs-org/SmokeSig/cmd/init_cmd.go:49.8,52.17 2 0
github.com/CosmoLabs-org/SmokeSig/cmd/init_cmd.go:52.17,54.4 1 0
github.com/CosmoLabs-org/SmokeSig/cmd/init_cmd.go:56.3,57.22 2 0
github.com/CosmoLabs-org/SmokeSig/cmd/init_cmd.go:57.22,59.4 1 0
github.com/CosmoLabs-org/SmokeSig/cmd/init_cmd.go:59.9,61.28 2 0
github.com/CosmoLabs-org/SmokeSig/cmd/init_cmd.go:61.28,63.5 1 0
github.com/CosmoLabs-org/SmokeSig/cmd/init_cmd.go:64.4,64.39 1 0
github.com/CosmoLabs-org/SmokeSig/cmd/init_cmd.go:67.3,70.61 2 0
github.com/CosmoLabs-org/SmokeSig/cmd/init_cmd.go:73.2,74.16 2 0
github.com/CosmoLabs-org/SmokeSig/cmd/init_cmd.go:74.16,76.3 1 0
github.com/CosmoLabs-org/SmokeSig/cmd/init_cmd.go:78.2,78.67 1 0
github.com/CosmoLabs-org/SmokeSig/cmd/init_cmd.go:78.67,80.3 1 0
github.com/CosmoLabs-org/SmokeSig/cmd/init_cmd.go:82.2,83.12 2 0
github.com/CosmoLabs-org/SmokeSig/cmd/init_cmd.go:86.53,88.30 2 0
github.com/CosmoLabs-org/SmokeSig/cmd/init_cmd.go:88.30,89.36 1 0
github.com/CosmoLabs-org/SmokeSig/cmd/init_cmd.go:89.36,91.4 1 0
github.com/CosmoLabs-org/SmokeSig/cmd/init_cmd.go:93.2,93.14 1 0
github.com/CosmoLabs-org/SmokeSig/cmd/mcp.go:23.54,26.3 2 0
github.com/CosmoLabs-org/SmokeSig/cmd/mcp.go:29.13,31.2 1 1
github.com/CosmoLabs-org/SmokeSig/cmd/migrate.go:45.13,54.2 7 1
github.com/CosmoLabs-org/SmokeSig/cmd/migrate.go:56.62,60.23 2 0
github.com/CosmoLabs-org/SmokeSig/cmd/migrate.go:61.27,61.27 0 0
github.com/CosmoLabs-org/SmokeSig/cmd/migrate.go:63.10,64.86 1 0
github.com/CosmoLabs-org/SmokeSig/cmd/migrate.go:68.2,69.16 2 0
github.com/CosmoLabs-org/SmokeSig/cmd/migrate.go:69.16,71.3 1 0
github.com/CosmoLabs-org/SmokeSig/cmd/migrate.go:74.2,75.16 2 0
github.com/CosmoLabs-org/SmokeSig/cmd/migrate.go:75.16,77.3 1 0
github.com/CosmoLabs-org/SmokeSig/cmd/migrate.go:80.2,85.40 2 0
github.com/CosmoLabs-org/SmokeSig/cmd/migrate.go:85.40,87.30 2 0
github.com/CosmoLabs-org/SmokeSig/cmd/migrate.go:87.30,89.4 1 0
github.com/CosmoLabs-org/SmokeSig/cmd/migrate.go:90.3,90.13 1 0
github.com/CosmoLabs-org/SmokeSig/cmd/migrate.go:94.2,97.16 2 0
github.com/CosmoLabs-org/SmokeSig/cmd/migrate.go:97.16,99.3 1 0
github.com/CosmoLabs-org/SmokeSig/cmd/migrate.go:102.2,102.56 1 0
github.com/CosmoLabs-org/SmokeSig/cmd/migrate.go:102.56,104.3 1 0
github.com/CosmoLabs-org/SmokeSig/cmd/migrate.go:107.2,107.18 1 0
github.com/CosmoLabs-org/SmokeSig/cmd/migrate.go:107.18,109.3 1 0
github.com/CosmoLabs-org/SmokeSig/cmd/migrate.go:112.2,112.25 1 0
github.com/CosmoLabs-org/SmokeSig/cmd/migrate.go:112.25,113.72 1 0
github.com/CosmoLabs-org/SmokeSig/cmd/migrate.go:113.72,115.4 1 0
github.com/CosmoLabs-org/SmokeSig/cmd/migrate.go:116.3,116.75 1 0
github.com/CosmoLabs-org/SmokeSig/cmd/migrate.go:116.75,118.4 1 0
github.com/CosmoLabs-org/SmokeSig/cmd/migrate.go:119.3,119.54 1 0
github.com/CosmoLabs-org/SmokeSig/cmd/migrate.go:120.8,122.3 1 0
github.com/CosmoLabs-org/SmokeSig/cmd/migrate.go:124.2,124.12 1 0
github.com/CosmoLabs-org/SmokeSig/cmd/observe.go:29.13,35.2 5 1
github.com/CosmoLabs-org/SmokeSig/cmd/observe.go:37.58,49.16 4 0
github.com/CosmoLabs-org/SmokeSig/cmd/observe.go:49.16,51.3 1 0
github.com/CosmoLabs-org/SmokeSig/cmd/observe.go:53.2,54.16 2 0
github.com/CosmoLabs-org/SmokeSig/cmd/observe.go:54.16,56.3 1 0
github.com/CosmoLabs-org/SmokeSig/cmd/observe.go:58.2,58.19 1 0
github.com/CosmoLabs-org/SmokeSig/cmd/observe.go:58.19,62.25 4 0
github.com/CosmoLabs-org/SmokeSig/cmd/observe.go:62.25,64.4 1 0
github.com/CosmoLabs-org/SmokeSig/cmd/observe.go:65.3,65.28 1 0
github.com/CosmoLabs-org/SmokeSig/cmd/observe.go:65.28,67.4 1 0
github.com/CosmoLabs-org/SmokeSig/cmd/observe.go:68.3,72.37 4 0
github.com/CosmoLabs-org/SmokeSig/cmd/observe.go:72.37,75.4 2 0
github.com/CosmoLabs-org/SmokeSig/cmd/observe.go:78.2,78.64 1 0
github.com/CosmoLabs-org/SmokeSig/cmd/observe.go:78.64,80.3 1 0
github.com/CosmoLabs-org/SmokeSig/cmd/observe.go:82.2,83.12 2 0
github.com/CosmoLabs-org/SmokeSig/cmd/root.go:20.16,21.42 1 0
github.com/CosmoLabs-org/SmokeSig/cmd/root.go:21.42,24.3 2 0
github.com/CosmoLabs-org/SmokeSig/cmd/run.go:22.87,23.23 1 0
github.com/CosmoLabs-org/SmokeSig/cmd/run.go:23.23,25.3 1 0
github.com/CosmoLabs-org/SmokeSig/cmd/run.go:26.2,27.49 2 0
github.com/CosmoLabs-org/SmokeSig/cmd/run.go:27.49,29.3 1 0
github.com/CosmoLabs-org/SmokeSig/cmd/run.go:30.2,30.21 1 0
github.com/CosmoLabs-org/SmokeSig/cmd/run.go:30.21,32.3 1 0
github.com/CosmoLabs-org/SmokeSig/cmd/run.go:33.2,33.48 1 0
github.com/CosmoLabs-org/SmokeSig/cmd/run.go:33.48,36.3 2 0
github.com/CosmoLabs-org/SmokeSig/cmd/run.go:37.2,38.19 2 0
github.com/CosmoLabs-org/SmokeSig/cmd/run.go:38.19,40.3 1 0
github.com/CosmoLabs-org/SmokeSig/cmd/run.go:41.2,42.45 2 0
github.com/CosmoLabs-org/SmokeSig/cmd/run.go:48.98,50.16 2 0
github.com/CosmoLabs-org/SmokeSig/cmd/run.go:50.16,52.3 1 0
github.com/CosmoLabs-org/SmokeSig/cmd/run.go:53.2,56.21 4 0
github.com/CosmoLabs-org/SmokeSig/cmd/run.go:56.21,57.42 1 0
github.com/CosmoLabs-org/SmokeSig/cmd/run.go:57.42,58.45 1 0
github.com/CosmoLabs-org/SmokeSig/cmd/run.go:58.45,60.5 1 0
github.com/CosmoLabs-org/SmokeSig/cmd/run.go:63.2,63.27 1 0
github.com/CosmoLabs-org/SmokeSig/cmd/run.go:68.62,69.21 1 0
github.com/CosmoLabs-org/SmokeSig/cmd/run.go:69.21,71.3 1 0
github.com/CosmoLabs-org/SmokeSig/cmd/run.go:72.2,72.48 1 0
github.com/CosmoLabs-org/SmokeSig/cmd/run.go:72.48,75.3 2 0
github.com/CosmoLabs-org/SmokeSig/cmd/run.go:76.2,76.25 1 0
github.com/CosmoLabs-org/SmokeSig/cmd/run.go:76.25,84.3 2 0
github.com/CosmoLabs-org/SmokeSig/cmd/run.go:85.2,86.45 2 0
github.com/CosmoLabs-org/SmokeSig/cmd/run.go:91.96,92.33 1 0
github.com/CosmoLabs-org/SmokeSig/cmd/run.go:92.33,94.3 1 0
github.com/CosmoLabs-org/SmokeSig/cmd/run.go:95.2,96.38 2 0
github.com/CosmoLabs-org/SmokeSig/cmd/run.go:96.38,98.24 2 0
github.com/CosmoLabs-org/SmokeSig/cmd/run.go:98.24,100.4 1 0
github.com/CosmoLabs-org/SmokeSig/cmd/run.go:101.3,102.15 2 0
github.com/CosmoLabs-org/SmokeSig/cmd/run.go:102.15,104.4 1 0
github.com/CosmoLabs-org/SmokeSig/cmd/run.go:105.3,106.36 2 0
github.com/CosmoLabs-org/SmokeSig/cmd/run.go:108.2,108.25 1 0
github.com/CosmoLabs-org/SmokeSig/cmd/run.go:108.25,110.3 1 0
github.com/CosmoLabs-org/SmokeSig/cmd/run.go:111.2,111.48 1 0
github.com/CosmoLabs-org/SmokeSig/cmd/run.go:145.13,168.2 22 1
github.com/CosmoLabs-org/SmokeSig/cmd/run.go:171.48,173.16 2 0
github.com/CosmoLabs-org/SmokeSig/cmd/run.go:173.16,175.3 1 0
github.com/CosmoLabs-org/SmokeSig/cmd/run.go:176.2,176.19 1 0
github.com/CosmoLabs-org/SmokeSig/cmd/run.go:176.19,180.17 4 0
github.com/CosmoLabs-org/SmokeSig/cmd/run.go:180.17,182.4 1 0
github.com/CosmoLabs-org/SmokeSig/cmd/run.go:184.2,184.12 1 0
github.com/CosmoLabs-org/SmokeSig/cmd/run.go:184.12,186.3 1 0
github.com/CosmoLabs-org/SmokeSig/cmd/run.go:187.2,187.25 1 0
github.com/CosmoLabs-org/SmokeSig/cmd/run.go:187.25,190.3 2 0
github.com/CosmoLabs-org/SmokeSig/cmd/run.go:191.2,191.45 1 0
github.com/CosmoLabs-org/SmokeSig/cmd/run.go:191.45,193.3 1 0
github.com/CosmoLabs-org/SmokeSig/cmd/run.go:194.2,194.17 1 0
github.com/CosmoLabs-org/SmokeSig/cmd/run.go:197.56,200.13 2 0
github.com/CosmoLabs-org/SmokeSig/cmd/run.go:200.13,202.3 1 0
github.com/CosmoLabs-org/SmokeSig/cmd/run.go:202.8,202.18 1 0
github.com/CosmoLabs-org/SmokeSig/cmd/run.go:202.18,204.3 1 0
github.com/CosmoLabs-org/SmokeSig/cmd/run.go:206.2,207.16 2 0
github.com/CosmoLabs-org/SmokeSig/cmd/run.go:207.16,209.3 1 0
github.com/CosmoLabs-org/SmokeSig/cmd/run.go:211.2,212.32 2 0
github.com/CosmoLabs-org/SmokeSig/cmd/run.go:212.32,215.3 2 0
github.com/CosmoLabs-org/SmokeSig/cmd/run.go:218.2,218.43 1 0
github.com/CosmoLabs-org/SmokeSig/cmd/run.go:218.43,220.17 2 0
github.com/CosmoLabs-org/SmokeSig/cmd/run.go:220.17,222.4 1 0
github.com/CosmoLabs-org/SmokeSig/cmd/run.go:223.3,223.24 1 0
github.com/CosmoLabs-org/SmokeSig/cmd/run.go:223.24,225.4 1 0
github.com/CosmoLabs-org/SmokeSig/cmd/run.go:228.3,229.20 2 0
github.com/CosmoLabs-org/SmokeSig/cmd/run.go:229.20,231.18 2 0
github.com/CosmoLabs-org/SmokeSig/cmd/run.go:231.18,233.5 1 0
github.com/CosmoLabs-org/SmokeSig/cmd/run.go:236.3,236.12 1 0
github.com/CosmoLabs-org/SmokeSig/cmd/run.go:236.12,238.56 2 0
github.com/CosmoLabs-org/SmokeSig/cmd/run.go:238.56,240.19 2 0
github.com/CosmoLabs-org/SmokeSig/cmd/run.go:240.19,243.6 2 0
github.com/CosmoLabs-org/SmokeSig/cmd/run.go:244.5,246.19 3 0
github.com/CosmoLabs-org/SmokeSig/cmd/run.go:246.19,249.6 2 0
github.com/CosmoLabs-org/SmokeSig/cmd/run.go:250.5,250.29 1 0
github.com/CosmoLabs-org/SmokeSig/cmd/run.go:250.29,253.6 2 0
github.com/CosmoLabs-org/SmokeSig/cmd/run.go:254.5,255.19 2 0
github.com/CosmoLabs-org/SmokeSig/cmd/run.go:255.19,257.6 1 0
github.com/CosmoLabs-org/SmokeSig/cmd/run.go:258.5,267.19 4 0
github.com/CosmoLabs-org/SmokeSig/cmd/run.go:267.19,269.6 1 0
github.com/CosmoLabs-org/SmokeSig/cmd/run.go:270.5,270.15 1 0
github.com/CosmoLabs-org/SmokeSig/cmd/run.go:274.3,275.17 2 0
github.com/CosmoLabs-org/SmokeSig/cmd/run.go:275.17,277.4 1 0
github.com/CosmoLabs-org/SmokeSig/cmd/run.go:278.3,287.17 4 0
github.com/CosmoLabs-org/SmokeSig/cmd/run.go:287.17,289.4 1 0
github.com/CosmoLabs-org/SmokeSig/cmd/run.go:290.3,291.24 2 0
github.com/CosmoLabs-org/SmokeSig/cmd/run.go:291.24,293.4 1 0
github.com/CosmoLabs-org/SmokeSig/cmd/run.go:294.3,294.13 1 0
github.com/CosmoLabs-org/SmokeSig/cmd/run.go:298.2,299.19 2 0
github.com/CosmoLabs-org/SmokeSig/cmd/run.go:299.19,301.17 2 0
github.com/CosmoLabs-org/SmokeSig/cmd/run.go:301.17,303.4 1 0
github.com/CosmoLabs-org/SmokeSig/cmd/run.go:306.2,306.11 1 0
github.com/CosmoLabs-org/SmokeSig/cmd/run.go:306.11,308.27 2 0
github.com/CosmoLabs-org/SmokeSig/cmd/run.go:308.27,310.18 2 0
github.com/CosmoLabs-org/SmokeSig/cmd/run.go:310.18,313.5 2 0
github.com/CosmoLabs-org/SmokeSig/cmd/run.go:314.4,316.18 3 0
github.com/CosmoLabs-org/SmokeSig/cmd/run.go:316.18,318.5 1 0
github.com/CosmoLabs-org/SmokeSig/cmd/run.go:319.4,328.18 4 0
github.com/CosmoLabs-org/SmokeSig/cmd/run.go:328.18,330.5 1 0
github.com/CosmoLabs-org/SmokeSig/cmd/run.go:331.4,331.14 1 0
github.com/CosmoLabs-org/SmokeSig/cmd/run.go:333.3,333.50 1 0
github.com/CosmoLabs-org/SmokeSig/cmd/run.go:337.2,337.12 1 0
github.com/CosmoLabs-org/SmokeSig/cmd/run.go:337.12,346.3 2 0
github.com/CosmoLabs-org/SmokeSig/cmd/run.go:348.2,349.16 2 0
github.com/CosmoLabs-org/SmokeSig/cmd/run.go:349.16,351.3 1 0
github.com/CosmoLabs-org/SmokeSig/cmd/run.go:352.2,362.16 4 0
github.com/CosmoLabs-org/SmokeSig/cmd/run.go:362.16,364.3 1 0
github.com/CosmoLabs-org/SmokeSig/cmd/run.go:365.2,366.23 2 0
github.com/CosmoLabs-org/SmokeSig/cmd/run.go:366.23,368.3 1 0
github.com/CosmoLabs-org/SmokeSig/cmd/run.go:369.2,369.12 1 0
github.com/CosmoLabs-org/SmokeSig/cmd/run.go:374.66,375.19 1 0
github.com/CosmoLabs-org/SmokeSig/cmd/run.go:375.19,377.3 1 0
github.com/CosmoLabs-org/SmokeSig/cmd/run.go:379.2,380.33 2 0
github.com/CosmoLabs-org/SmokeSig/cmd/run.go:380.33,382.3 1 0
github.com/CosmoLabs-org/SmokeSig/cmd/run.go:384.2,386.16 3 0
github.com/CosmoLabs-org/SmokeSig/cmd/run.go:386.16,389.3 2 0
github.com/CosmoLabs-org/SmokeSig/cmd/run.go:391.2,391.17 1 0
github.com/CosmoLabs-org/SmokeSig/cmd/run.go:391.17,395.27 4 0
github.com/CosmoLabs-org/SmokeSig/cmd/run.go:395.27,396.19 1 0
github.com/CosmoLabs-org/SmokeSig/cmd/run.go:396.19,398.5 1 0
github.com/CosmoLabs-org/SmokeSig/cmd/run.go:399.4,399.17 1 0
github.com/CosmoLabs-org/SmokeSig/cmd/run.go:399.17,401.5 1 0
github.com/CosmoLabs-org/SmokeSig/cmd/run.go:403.3,403.48 1 0
github.com/CosmoLabs-org/SmokeSig/cmd/run.go:403.48,405.34 2 0
github.com/CosmoLabs-org/SmokeSig/cmd/run.go:405.34,407.5 1 0
github.com/CosmoLabs-org/SmokeSig/cmd/run.go:408.4,408.31 1 0
github.com/CosmoLabs-org/SmokeSig/cmd/run.go:408.31,410.5 1 0
github.com/CosmoLabs-org/SmokeSig/cmd/run.go:411.9,413.4 1 0
github.com/CosmoLabs-org/SmokeSig/cmd/run.go:416.2,417.40 2 0
github.com/CosmoLabs-org/SmokeSig/cmd/run.go:417.40,419.3 1 0
github.com/CosmoLabs-org/SmokeSig/cmd/run.go:422.73,424.34 1 0
github.com/CosmoLabs-org/SmokeSig/cmd/run.go:424.34,426.3 1 0
github.com/CosmoLabs-org/SmokeSig/cmd/run.go:428.2,429.16 2 0
github.com/CosmoLabs-org/SmokeSig/cmd/run.go:429.16,431.3 1 0
github.com/CosmoLabs-org/SmokeSig/cmd/run.go:432.2,434.41 2 0
github.com/CosmoLabs-org/SmokeSig/cmd/run.go:434.41,436.3 1 0
github.com/CosmoLabs-org/SmokeSig/cmd/run.go:438.2,447.20 6 0
github.com/CosmoLabs-org/SmokeSig/cmd/run.go:447.20,449.35 2 0
github.com/CosmoLabs-org/SmokeSig/cmd/run.go:449.35,451.4 1 0
github.com/CosmoLabs-org/SmokeSig/cmd/run.go:454.2,454.6 1 0
github.com/CosmoLabs-org/SmokeSig/cmd/run.go:454.6,455.10 1 0
github.com/CosmoLabs-org/SmokeSig/cmd/run.go:456.29,457.11 1 0
github.com/CosmoLabs-org/SmokeSig/cmd/run.go:457.11,459.5 1 0
github.com/CosmoLabs-org/SmokeSig/cmd/run.go:461.4,461.31 1 0
github.com/CosmoLabs-org/SmokeSig/cmd/run.go:461.31,462.13 1 0
github.com/CosmoLabs-org/SmokeSig/cmd/run.go:464.4,464.20 1 0
github.com/CosmoLabs-org/SmokeSig/cmd/run.go:464.20,466.5 1 0
github.com/CosmoLabs-org/SmokeSig/cmd/run.go:467.4,467.45 1 0
github.com/CosmoLabs-org/SmokeSig/cmd/run.go:468.30,469.11 1 0
github.com/CosmoLabs-org/SmokeSig/cmd/run.go:469.11,471.5 1 0
github.com/CosmoLabs-org/SmokeSig/cmd/run.go:472.4,472.52 1 0
github.com/CosmoLabs-org/SmokeSig/cmd/run.go:473.16,475.14 2 0
github.com/CosmoLabs-org/SmokeSig/cmd/run_tui_stub.go:9.62,10.52 1 0
github.com/CosmoLabs-org/SmokeSig/cmd/schema.go:14.54,16.17 2 0
github.com/CosmoLabs-org/SmokeSig/cmd/schema.go:16.17,18.4 1 0
github.com/CosmoLabs-org/SmokeSig/cmd/schema.go:19.3,20.13 2 0
github.com/CosmoLabs-org/SmokeSig/cmd/schema.go:24.13,26.2 1 1
github.com/CosmoLabs-org/SmokeSig/cmd/serve.go:37.13,45.2 7 1
github.com/CosmoLabs-org/SmokeSig/cmd/serve.go:50.38,50.64 1 1
github.com/CosmoLabs-org/SmokeSig/cmd/serve.go:52.76,52.77 0 0
github.com/CosmoLabs-org/SmokeSig/cmd/serve.go:53.76,53.77 0 0
github.com/CosmoLabs-org/SmokeSig/cmd/serve.go:54.76,54.77 0 1
github.com/CosmoLabs-org/SmokeSig/cmd/serve.go:55.76,55.77 0 1
github.com/CosmoLabs-org/SmokeSig/cmd/serve.go:56.76,56.77 0 1
github.com/CosmoLabs-org/SmokeSig/cmd/serve.go:73.55,74.54 1 1
github.com/CosmoLabs-org/SmokeSig/cmd/serve.go:74.54,78.17 3 1
github.com/CosmoLabs-org/SmokeSig/cmd/serve.go:78.17,81.4 2 1
github.com/CosmoLabs-org/SmokeSig/cmd/serve.go:82.3,82.46 1 1
github.com/CosmoLabs-org/SmokeSig/cmd/serve.go:82.46,85.4 2 1
github.com/CosmoLabs-org/SmokeSig/cmd/serve.go:87.3,88.33 2 1
github.com/CosmoLabs-org/SmokeSig/cmd/serve.go:88.33,91.4 2 1
github.com/CosmoLabs-org/SmokeSig/cmd/serve.go:93.3,102.17 5 1
github.com/CosmoLabs-org/SmokeSig/cmd/serve.go:102.17,105.4 2 1
github.com/CosmoLabs-org/SmokeSig/cmd/serve.go:107.3,109.24 3 1
github.com/CosmoLabs-org/SmokeSig/cmd/serve.go:109.24,112.4 2 1
github.com/CosmoLabs-org/SmokeSig/cmd/serve.go:114.3,128.19 6 1
github.com/CosmoLabs-org/SmokeSig/cmd/serve.go:132.68,136.2 3 1
github.com/CosmoLabs-org/SmokeSig/cmd/serve.go:138.56,144.20 4 0
github.com/CosmoLabs-org/SmokeSig/cmd/serve.go:144.20,146.17 2 0
github.com/CosmoLabs-org/SmokeSig/cmd/serve.go:146.17,148.4 1 0
github.com/CosmoLabs-org/SmokeSig/cmd/serve.go:149.3,152.86 4 0
github.com/CosmoLabs-org/SmokeSig/cmd/serve.go:155.2,168.12 4 0
github.com/CosmoLabs-org/SmokeSig/cmd/serve.go:168.12,173.3 4 0
github.com/CosmoLabs-org/SmokeSig/cmd/serve.go:175.2,176.76 2 0
github.com/CosmoLabs-org/SmokeSig/cmd/serve.go:176.76,178.3 1 0
github.com/CosmoLabs-org/SmokeSig/cmd/serve.go:179.2,179.12 1 0
github.com/CosmoLabs-org/SmokeSig/cmd/stress.go:29.13,36.2 6 1
github.com/CosmoLabs-org/SmokeSig/cmd/stress.go:38.57,42.16 3 0
github.com/CosmoLabs-org/SmokeSig/cmd/stress.go:42.16,44.3 1 0
github.com/CosmoLabs-org/SmokeSig/cmd/stress.go:46.2,47.16 2 0
github.com/CosmoLabs-org/SmokeSig/cmd/stress.go:47.16,49.3 1 0
github.com/CosmoLabs-org/SmokeSig/cmd/stress.go:50.2,53.22 3 0
github.com/CosmoLabs-org/SmokeSig/cmd/stress.go:53.22,55.3 1 0
github.com/CosmoLabs-org/SmokeSig/cmd/stress.go:57.2,64.27 3 0
github.com/CosmoLabs-org/SmokeSig/cmd/stress.go:64.27,66.3 1 0
github.com/CosmoLabs-org/SmokeSig/cmd/stress.go:68.2,72.29 3 0
github.com/CosmoLabs-org/SmokeSig/cmd/stress.go:72.29,74.3 1 0
github.com/CosmoLabs-org/SmokeSig/cmd/stress.go:75.2,75.12 1 0
github.com/CosmoLabs-org/SmokeSig/cmd/stress.go:78.92,79.31 1 0
github.com/CosmoLabs-org/SmokeSig/cmd/stress.go:79.31,84.3 1 0
github.com/CosmoLabs-org/SmokeSig/cmd/stress.go:85.2,91.4 1 0
github.com/CosmoLabs-org/SmokeSig/cmd/stress.go:94.72,98.19 3 0
github.com/CosmoLabs-org/SmokeSig/cmd/stress.go:98.19,100.3 1 0
github.com/CosmoLabs-org/SmokeSig/cmd/stress.go:101.2,108.28 7 0
github.com/CosmoLabs-org/SmokeSig/cmd/stress.go:108.28,110.36 2 0
github.com/CosmoLabs-org/SmokeSig/cmd/stress.go:110.36,112.4 1 0
github.com/CosmoLabs-org/SmokeSig/cmd/stress.go:115.2,115.19 1 0
github.com/CosmoLabs-org/SmokeSig/cmd/validate.go:15.54,17.23 2 0
github.com/CosmoLabs-org/SmokeSig/cmd/validate.go:17.23,19.4 1 0
github.com/CosmoLabs-org/SmokeSig/cmd/validate.go:20.3,21.17 2 0
github.com/CosmoLabs-org/SmokeSig/cmd/validate.go:21.17,24.4 2 0
github.com/CosmoLabs-org/SmokeSig/cmd/validate.go:25.3,26.13 2 0
github.com/CosmoLabs-org/SmokeSig/cmd/validate.go:30.13,32.2 1 1
github.com/CosmoLabs-org/SmokeSig/cmd/validate.go:34.47,36.16 2 0
github.com/CosmoLabs-org/SmokeSig/cmd/validate.go:36.16,38.3 1 0
github.com/CosmoLabs-org/SmokeSig/cmd/validate.go:40.2,40.45 1 0
github.com/CosmoLabs-org/SmokeSig/cmd/validate.go:40.45,41.50 1 0
github.com/CosmoLabs-org/SmokeSig/cmd/validate.go:41.50,44.32 3 0
github.com/CosmoLabs-org/SmokeSig/cmd/validate.go:44.32,46.5 1 0
github.com/CosmoLabs-org/SmokeSig/cmd/validate.go:47.4,47.18 1 0
github.com/CosmoLabs-org/SmokeSig/cmd/validate.go:49.3,49.53 1 0
github.com/CosmoLabs-org/SmokeSig/cmd/validate.go:52.2,52.77 1 0
github.com/CosmoLabs-org/SmokeSig/cmd/version.go:15.47,17.3 1 0
github.com/CosmoLabs-org/SmokeSig/cmd/version.go:20.13,22.2 1 1
github.com/CosmoLabs-org/SmokeSig/cmd/watch.go:6.43,8.2 1 0
